"../../../ChaosOverride/Content/Character/Players/DeadLock/Meshes/Deadlock_Skeleton.uasset" 0
"../../../ChaosOverride/Content/Character/Players/DeadLock/Animations/Deadlock_Anim.uasset" 1
"../../../Engine/Content/EditorBlueprintResources/StandardMacros.uasset" 2
"../../../Engine/Content/EngineSky/C_Sky_Cloud_Color.uasset" 3
"../../../Engine/Content/EngineSky/C_Sky_Horizon_Color.uasset" 4
"../../../Engine/Content/EngineSky/C_Sky_Zenith_Color.uasset" 5
"../../../Engine/Content/EngineSky/T_Sky_Blue.uasset" 6
"../../../Engine/Content/EngineSky/T_Sky_Clouds_M.uasset" 7
"../../../Engine/Content/EngineSky/T_Sky_Stars.uasset" 8
"../../../Engine/Content/EngineSky/SM_SkySphere.uasset" 9
"../../../Engine/Content/EngineSky/M_Sky_Panning_Clouds2.uasset" 10
"../../../Engine/Content/EngineSky/BP_Sky_Sphere.uasset" 11
"../../../ChaosOverride/Content/Character/Weapon/Devastator/Materials/M_Devastator_MAT.uasset" 12
"../../../ChaosOverride/Content/Character/Weapon/Devastator/Meshes/SK_Devastator_PhysicsAsset.uasset" 13
"../../../ChaosOverride/Content/Character/Weapon/Devastator/Meshes/SK_Devastator.uasset" 14
"../../../ChaosOverride/Content/Character/Weapon/Devastator/Meshes/SK_Devastator_Skeleton.uasset" 15
"../../../ChaosOverride/Content/Character/Weapon/Devastator/Animations/A_Devastator_Equip.uasset" 16
"../../../ChaosOverride/Content/Character/Weapon/Devastator/Animations/A_Devastator_UnEquip.uasset" 17
"../../../ChaosOverride/Content/StarterContent/Textures/T_Door_M.uasset" 18
"../../../ChaosOverride/Content/StarterContent/Textures/T_Door_N.uasset" 19
"../../../ChaosOverride/Content/StarterContent/Props/Materials/M_Door.uasset" 20
"../../../ChaosOverride/Content/Character/Enemy/CuttingRobot/SM_CuttingRobot_PhysicsAsset.uasset" 21
"../../../ChaosOverride/Content/Character/Enemy/CuttingRobot/SM_CuttingRobot_Skeleton.uasset" 22
"../../../ChaosOverride/Content/Character/Enemy/CuttingRobot/SM_CuttingRobot.uasset" 23
"../../../ChaosOverride/Content/StarterContent/Audio/Explosion01.uasset" 24
"../../../ChaosOverride/Content/StarterContent/Textures/T_Burst_M.uasset" 25
"../../../ChaosOverride/Content/StarterContent/Particles/Materials/M_Burst.uasset" 26
"../../../ChaosOverride/Content/StarterContent/Textures/T_Explosion_SubUV.uasset" 27
"../../../ChaosOverride/Content/StarterContent/Particles/Materials/M_explosion_subUV.uasset" 28
"../../../ChaosOverride/Content/StarterContent/Particles/Materials/m_flare_01.uasset" 29
"../../../Engine/Content/Functions/Engine_MaterialFunctions01/Gradient/RadialGradient.uasset" 30
"../../../ChaosOverride/Content/StarterContent/Particles/Materials/M_radial_ramp.uasset" 31
"../../../ChaosOverride/Content/StarterContent/Textures/T_Smoke_SubUV.uasset" 32
"../../../ChaosOverride/Content/StarterContent/Textures/T_Smoke_Tiled_D.uasset" 33
"../../../ChaosOverride/Content/StarterContent/Particles/Materials/M_smoke_subUV.uasset" 34
"../../../ChaosOverride/Content/StarterContent/Particles/P_Explosion.uasset" 35
"../../../ChaosOverride/Content/Character/Enemy/CuttingRobot/BP_CuttingRobot.uasset" 36
"../../../ChaosOverride/Content/Character/WeaponProjectile/DevastatorProjectile/Blueprint/BP_DevastatorProjectileDamageType.uasset" 37
"../../../Engine/Content/BasicShapes/BasicShapeMaterial.uasset" 38
"../../../Engine/Content/Functions/Engine_MaterialFunctions01/Opacity/CameraDepthFade.uasset" 39
"../../../Engine/Content/EngineMaterials/T_Default_Material_Grid_M.uasset" 40
"../../../Engine/Content/EngineMaterials/T_Default_Material_Grid_N.uasset" 41
"../../../Engine/Content/EngineMaterials/DefaultMaterial.uasset" 42
"../../../Engine/Content/BasicShapes/Sphere.uasset" 43
"../../../ChaosOverride/Content/Character/WeaponProjectile/DevastatorProjectile/Blueprint/DevastatoProjectileSound.uasset" 44
"../../../ChaosOverride/Content/Character/WeaponProjectile/DevastatorProjectile/Blueprint/NewSoundAttenuation.uasset" 45
"../../../Engine/Content/Functions/Engine_MaterialFunctions02/Texturing/ScreenAlignedUVs.uasset" 46
"../../../ChaosOverride/Content/ParticleSystem/Textures/T_FX_RoilingFlame_01.uasset" 47
"../../../ChaosOverride/Content/ParticleSystem/Textures/T_Smoke_01.uasset" 48
"../../../ChaosOverride/Content/ParticleSystem/Materials/M_Fire_02.uasset" 49
"../../../ChaosOverride/Content/ParticleSystem/Textures/T_Flare_01.uasset" 50
"../../../ChaosOverride/Content/ParticleSystem/Materials/M_Flare_01.uasset" 51
"../../../ChaosOverride/Content/ParticleSystem/ParticleSystem/P_DevastatorProjectile_01.uasset" 52
"../../../ChaosOverride/Content/Character/WeaponProjectile/DevastatorProjectile/Blueprint/BP_DevastatorProjectile.uasset" 53
"../../../ChaosOverride/Content/Character/Weapon/Devastator/Blueprints/BP_Devastator.uasset" 54
"../../../Engine/Content/EditorBlueprintResources/ActorMacros.uasset" 55
"../../../ChaosOverride/Content/Environnement/GameplatElement/Pickable/AmmoBox/T_AmmoBox.uasset" 56
"../../../ChaosOverride/Content/Environnement/GameplatElement/Pickable/AmmoBox/AmmoBox_Mat.uasset" 57
"../../../ChaosOverride/Content/Environnement/GameplatElement/Pickable/AmmoBox/AmmoBox.uasset" 58
"../../../ChaosOverride/Content/Environnement/GameplatElement/Pickable/AmmoBox/BP_AmmoBox.uasset" 59
"../../../ChaosOverride/Content/Environnement/GameplatElement/Pickable/Health/T_HealthCross.uasset" 60
"../../../ChaosOverride/Content/Environnement/GameplatElement/Pickable/Health/T_HealthCross_Mat.uasset" 61
"../../../ChaosOverride/Content/Environnement/GameplatElement/Pickable/Health/SM_HealthCross.uasset" 62
"../../../ChaosOverride/Content/Environnement/GameplatElement/Pickable/Health/BP_Health.uasset" 63
"../../../ChaosOverride/Content/Gameplay/Controller/AIController/AIState.uasset" 64
"../../../ChaosOverride/Content/Gameplay/Controller/AIController/AI_COBlackboard.uasset" 65
"../../../ChaosOverride/Content/Gameplay/Controller/AIController/BTD_TargetIsntInRange.uasset" 66
"../../../ChaosOverride/Content/Gameplay/Controller/AIController/BTS_FindNewState.uasset" 67
"../../../ChaosOverride/Content/Gameplay/Controller/AIController/BTT_AttackPlayer.uasset" 68
"../../../ChaosOverride/Content/Gameplay/Controller/AIController/BTT_RandomPoint.uasset" 69
"../../../ChaosOverride/Content/Gameplay/Controller/AIController/BTT_SearchForPlayer.uasset" 70
"../../../ChaosOverride/Content/Gameplay/Controller/AIController/BTT_SetWalkingSpeed.uasset" 71
"../../../ChaosOverride/Content/Gameplay/Controller/AIController/BTT_StrafeAroundPlayer.uasset" 72
"../../../ChaosOverride/Content/Gameplay/Controller/AIController/AI_COBehaviorTree.uasset" 73
"../../../ChaosOverride/Content/Gameplay/Controller/AIController/BP_AICOController.uasset" 74
"../../../ChaosOverride/Content/Character/Players/Sensei/Materials/Mat1/M_Sensei_Body.uasset" 75
"../../../ChaosOverride/Content/Character/Players/Sensei/Materials/Mat1/Sensei_Body_Substance_INST_basecolor.uasset" 76
"../../../ChaosOverride/Content/Character/Players/Sensei/Materials/Mat1/Sensei_Body_Substance_INST_emissive.uasset" 77
"../../../ChaosOverride/Content/Character/Players/Sensei/Materials/Mat1/Sensei_Body_Substance_INST_metallic.uasset" 78
"../../../ChaosOverride/Content/Character/Players/Sensei/Materials/Mat1/Sensei_Body_Substance_INST_normal.uasset" 79
"../../../ChaosOverride/Content/Character/Players/Sensei/Materials/Mat1/Sensei_Body_Substance_INST_roughness.uasset" 80
"../../../ChaosOverride/Content/Character/Players/Sensei/Materials/Mat1/Sensei_Body_Substance_INST.uasset" 81
"../../../ChaosOverride/Content/Character/Players/Sensei/Materials/Mat1/Sensei_Body_Substance_INST_ambiant_occlusion.uasset" 82
"../../../ChaosOverride/Content/Character/Players/Sensei/Materials/Mat1/Sensei_Body_Substance_MAT.uasset" 83
"../../../ChaosOverride/Content/Character/Players/Sensei/Meshes/SK_Sensei_PhysicsAsset.uasset" 84
"../../../ChaosOverride/Content/Character/Players/Sensei/Meshes/SK_Sensei.uasset" 85
"../../../ChaosOverride/Content/ParticleSystem/Materials/M_Fire_01.uasset" 86
"../../../ChaosOverride/Content/ParticleSystem/ParticleSystem/P_Hoverboots_FIreSystem_01.uasset" 87
"../../../ChaosOverride/Content/Character/Players/Sensei/Meshes/SK_Sensei_Skeleton.uasset" 88
"../../../ChaosOverride/Content/Character/Players/Sensei/Animations/Devastator/A_Sensei_Idle_Devastator.uasset" 89
"../../../ChaosOverride/Content/Character/Players/Sensei/Animations/AimOffset/A_Sensei_Aim_Center_Devastator.uasset" 90
"../../../ChaosOverride/Content/Character/Players/Sensei/Animations/AimOffset/A_Sensei_Aim_CenterDown_Devastator.uasset" 91
"../../../ChaosOverride/Content/Character/Players/Sensei/Animations/AimOffset/A_Sensei_Aim_CenterUp_Devastator.uasset" 92
"../../../ChaosOverride/Content/Character/Players/Sensei/Animations/AimOffset/AimOffset_Sensei_Devastator.uasset" 93
"../../../ChaosOverride/Content/Character/Players/Sensei/Animations/A_Sensei_DoubleJumpReverse.uasset" 94
"../../../ChaosOverride/Content/Character/Players/Sensei/Animations/AM_Sensei_DoubleJumpBackward.uasset" 95
"../../../ChaosOverride/Content/Character/Players/Sensei/Animations/A_Sensei_DoubleJump_Left.uasset" 96
"../../../ChaosOverride/Content/Character/Players/Sensei/Animations/AM_Sensei_DoubleJumpLeft.uasset" 97
"../../../ChaosOverride/Content/Character/Players/Sensei/Animations/A_Sensei_DoubleJump_Right.uasset" 98
"../../../ChaosOverride/Content/Character/Players/Sensei/Animations/AM_Sensei_DoubleJumpRight.uasset" 99
"../../../ChaosOverride/Content/Character/Players/Sensei/Animations/A_Sensei_DoubleJump.uasset" 100
"../../../ChaosOverride/Content/Character/Players/Sensei/Animations/A_Sensei_JumpEnd.uasset" 101
"../../../ChaosOverride/Content/Character/Players/Sensei/Animations/A_Sensei_JumpEndLedgeGrab.uasset" 102
"../../../ChaosOverride/Content/Character/Players/Sensei/Animations/A_Sensei_JumpFallStart.uasset" 103
"../../../ChaosOverride/Content/Character/Players/Sensei/Animations/A_Sensei_JumpLoopDown.uasset" 104
"../../../ChaosOverride/Content/Character/Players/Sensei/Animations/A_Sensei_JumpLoopUp.uasset" 105
"../../../ChaosOverride/Content/Character/Players/Sensei/Animations/A_Sensei_JumpStart.uasset" 106
"../../../ChaosOverride/Content/Character/Players/Sensei/Animations/A_Sensei_JumpStartDash.uasset" 107
"../../../ChaosOverride/Content/Character/Players/Sensei/Animations/A_Sensei_JumpStartLedgeGrab.uasset" 108
"../../../ChaosOverride/Content/Character/Players/Sensei/Animations/A_Sensei_JumpUpToDown.uasset" 109
"../../../ChaosOverride/Content/Character/Players/Sensei/Animations/AM_Sensei_Jump.uasset" 110
"../../../ChaosOverride/Content/Character/Players/Sensei/Animations/Devastator/A_Sensei_Shoot_Devastator.uasset" 111
"../../../ChaosOverride/Content/Character/Players/Sensei/Animations/Devastator/AM_Sensei_DevastatorShoot.uasset" 112
"../../../ChaosOverride/Content/Character/Players/Sensei/Animations/A_Sensei_HoverbootRunBackward.uasset" 113
"../../../ChaosOverride/Content/Character/Players/Sensei/Animations/A_Sensei_HoverbootRunForward.uasset" 114
"../../../ChaosOverride/Content/Character/Players/Sensei/Animations/A_Sensei_HoverbootRunLeft.uasset" 115
"../../../ChaosOverride/Content/Character/Players/Sensei/Animations/A_Sensei_HoverbootRunRight.uasset" 116
"../../../ChaosOverride/Content/Character/Players/Sensei/Animations/A_Sensei_HoverbootsIdle.uasset" 117
"../../../ChaosOverride/Content/Character/Players/Sensei/Animations/A_Sensei_HoverbootsWalkBackward.uasset" 118
"../../../ChaosOverride/Content/Character/Players/Sensei/Animations/A_Sensei_HoverbootsWalkForward.uasset" 119
"../../../ChaosOverride/Content/Character/Players/Sensei/Animations/A_Sensei_HoverbootsWalkLeft.uasset" 120
"../../../ChaosOverride/Content/Character/Players/Sensei/Animations/A_Sensei_HoverbootsWalkRight.uasset" 121
"../../../ChaosOverride/Content/Character/Players/Sensei/Animations/BS_Sensei_Hoverboots.uasset" 122
"../../../ChaosOverride/Content/Character/Players/Sensei/Animations/A_Sensei_Idle.uasset" 123
"../../../ChaosOverride/Content/Character/Players/Sensei/Animations/A_Sensei_RunCycle.uasset" 124
"../../../ChaosOverride/Content/Character/Players/Sensei/Animations/A_Sensei_RunCycleReverse.uasset" 125
"../../../ChaosOverride/Content/Character/Players/Sensei/Animations/A_Sensei_WalkCycle.uasset" 126
"../../../ChaosOverride/Content/Character/Players/Sensei/Animations/A_Sensei_WalkCycleLeftblend.uasset" 127
"../../../ChaosOverride/Content/Character/Players/Sensei/Animations/A_Sensei_WalkCycleLeftblendFAST.uasset" 128
"../../../ChaosOverride/Content/Character/Players/Sensei/Animations/A_Sensei_WalkCycleReverse.uasset" 129
"../../../ChaosOverride/Content/Character/Players/Sensei/Animations/A_Sensei_WalkCycleRightblend.uasset" 130
"../../../ChaosOverride/Content/Character/Players/Sensei/Animations/A_Sensei_WalkCycleRightblendFAST.uasset" 131
"../../../ChaosOverride/Content/Character/Players/Sensei/Animations/BS_Sensei_IdleWalkRunLOCK.uasset" 132
"../../../ChaosOverride/Content/Character/Players/Sensei/Animations/Devastator/A_Sensei_HoverbootRunForward_Devastator.uasset" 133
"../../../ChaosOverride/Content/Character/Players/Sensei/Animations/Devastator/A_Sensei_HoverbootRunLeft_Devastator.uasset" 134
"../../../ChaosOverride/Content/Character/Players/Sensei/Animations/Devastator/A_Sensei_HoverbootRunRight_Devastator.uasset" 135
"../../../ChaosOverride/Content/Character/Players/Sensei/Animations/Devastator/A_Sensei_Hoverboots_Idle_Devastator.uasset" 136
"../../../ChaosOverride/Content/Character/Players/Sensei/Animations/Devastator/A_Sensei_HoverbootWalkBackward_Devastator.uasset" 137
"../../../ChaosOverride/Content/Character/Players/Sensei/Animations/Devastator/A_Sensei_HoverbootWalkForward_Devastator.uasset" 138
"../../../ChaosOverride/Content/Character/Players/Sensei/Animations/Devastator/A_Sensei_HoverbootWalkLeft_Devastator.uasset" 139
"../../../ChaosOverride/Content/Character/Players/Sensei/Animations/Devastator/A_Sensei_HoverbootWalkRight_Devastator.uasset" 140
"../../../ChaosOverride/Content/Character/Players/Sensei/Animations/Devastator/BS_Sensei_Hoverboots_Devastator.uasset" 141
"../../../ChaosOverride/Content/Character/Players/Sensei/Animations/Devastator/A_Sensei_RunCycle_Devastator.uasset" 142
"../../../ChaosOverride/Content/Character/Players/Sensei/Animations/Devastator/A_Sensei_RunCycle_Devastator_Reverse.uasset" 143
"../../../ChaosOverride/Content/Character/Players/Sensei/Animations/Devastator/A_Sensei_WalkCycle_Devastator.uasset" 144
"../../../ChaosOverride/Content/Character/Players/Sensei/Animations/Devastator/A_Sensei_WalkCycle_Devastator_Reverse.uasset" 145
"../../../ChaosOverride/Content/Character/Players/Sensei/Animations/Devastator/A_Sensei_WalkCycleLeftblend_Devastator.uasset" 146
"../../../ChaosOverride/Content/Character/Players/Sensei/Animations/Devastator/A_Sensei_WalkCycleLeftblend_Devastator_FAST.uasset" 147
"../../../ChaosOverride/Content/Character/Players/Sensei/Animations/Devastator/A_Sensei_WalkCycleRightblend_Devastator.uasset" 148
"../../../ChaosOverride/Content/Character/Players/Sensei/Animations/Devastator/A_Sensei_WalkCycleRightblend_Devastator_FAST.uasset" 149
"../../../ChaosOverride/Content/Character/Players/Sensei/Animations/Devastator/BS_Sensei_IdleWalkRun_Devastator.uasset" 150
"../../../ChaosOverride/Content/Character/Players/Sensei/Animations/A_Sensei_LedgeGrabLoop.uasset" 151
"../../../ChaosOverride/Content/Character/Players/Sensei/Animations/A_Sensei_LedgeGrabMovingLoop.uasset" 152
"../../../ChaosOverride/Content/Character/Players/Sensei/Animations/BS_Sensei_EdgeGrab.uasset" 153
"../../../ChaosOverride/Content/Character/Players/Sensei/Blueprints/BP_SenseiAnimInst.uasset" 154
"../../../Engine/Content/Functions/Engine_MaterialFunctions02/ExampleContent/Textures/newhplaneLightingMap.uasset" 155
"../../../Engine/Content/Functions/Engine_MaterialFunctions02/HueShift.uasset" 156
"../../../ChaosOverride/Content/Character/Weapon/SenseiMeleeWeapon/Material/SenseiMeleeWeapon_ColorMask.uasset" 157
"../../../ChaosOverride/Content/Character/Weapon/SenseiMeleeWeapon/Material/SenseiMeleeWeapon_MetallicDirtMask.uasset" 158
"../../../ChaosOverride/Content/Character/Weapon/SenseiMeleeWeapon/Material/T_SenseiMeleeWeapon_MetallicRoughness.uasset" 159
"../../../ChaosOverride/Content/Character/Weapon/SenseiMeleeWeapon/Material/T_SenseiMeleeWeapon_Normal.uasset" 160
"../../../ChaosOverride/Content/Character/Weapon/SenseiMeleeWeapon/Material/M_SenseiMeleeWeapon.uasset" 161
"../../../ChaosOverride/Content/Character/Weapon/SenseiMeleeWeapon/Material/M_SenseiMeleeWeapon_Inst.uasset" 162
"../../../ChaosOverride/Content/Character/Weapon/SenseiMeleeWeapon/Meshes/SenseiMeleeWeapon_PhysicsAsset.uasset" 163
"../../../ChaosOverride/Content/Character/Weapon/SenseiMeleeWeapon/Meshes/SenseiMeleeWeapon.uasset" 164
"../../../ChaosOverride/Content/Character/Weapon/SenseiMeleeWeapon/Meshes/SenseiMeleeWeapon_Skeleton.uasset" 165
"../../../ChaosOverride/Content/Character/Weapon/SenseiMeleeWeapon/Animation/A_SenseiMeleeWeapon_Equip.uasset" 166
"../../../ChaosOverride/Content/Character/Weapon/SenseiMeleeWeapon/Animation/A_SenseiMeleeWeapon_Orbit.uasset" 167
"../../../ChaosOverride/Content/Character/Weapon/SenseiMeleeWeapon/Animation/A_SenseiMeleeWeapon_UnEquip.uasset" 168
"../../../ChaosOverride/Content/Character/Weapon/SenseiMeleeWeapon/Blueprints/A_SenseiMeleeWeapon.uasset" 169
"../../../ChaosOverride/Content/Character/Weapon/SenseiMeleeWeapon/Animation/A_SenseiMeleeWeapon_Attack.uasset" 170
"../../../ChaosOverride/Content/Character/Weapon/SenseiMeleeWeapon/Blueprints/BP_SenseiMeleeWeapon.uasset" 171
"../../../ChaosOverride/Content/Character/Players/Sensei/Blueprints/BP_Sensei.uasset" 172
"../../../ChaosOverride/Content/Gameplay/GameInstance/BP_COGameInstance.uasset" 173
"../../../ChaosOverride/Content/HUD/IGHUD/Undergrunge_Tornado_Demo.uasset" 174
"../../../ChaosOverride/Content/HUD/Settings/Settings.uasset" 175
"../../../ChaosOverride/Content/HUD/IGHUD/IG_PauseMenu.uasset" 176
"../../../ChaosOverride/Content/HUD/IGHUD/IGScore/IGScoreRow.uasset" 177
"../../../ChaosOverride/Content/HUD/IGHUD/IGScore/IGScore.uasset" 178
"../../../ChaosOverride/Content/Gameplay/Controller/BP_COPlayerController.uasset" 179
"../../../ChaosOverride/Content/Gameplay/Controller/BP_COPlayerState.uasset" 180
"../../../ChaosOverride/Content/Gameplay/GameState/BP_DeathMatchGameState.uasset" 181
"../../../ChaosOverride/Content/HUD/IGHUD/Killboard/W_KillBoard.uasset" 182
"../../../ChaosOverride/Content/HUD/IGHUD/IGHUDWIdget.uasset" 183
"../../../ChaosOverride/Content/Character/Weapon/Devastator/Textures/DevastatorIcon.uasset" 184
"../../../ChaosOverride/Content/HUD/IGHUD/Killboard/W_KillBoardRow.uasset" 185
"../../../ChaosOverride/Content/HUD/IGHUD/T_Cross1.uasset" 186
"../../../ChaosOverride/Content/HUD/IGHUD/T_Cross2.uasset" 187
"../../../ChaosOverride/Content/HUD/IGHUD/BP_COHUD.uasset" 188
"../../../ChaosOverride/Content/HUD/IGHUD/IG_EndScore.uasset" 189
"../../../ChaosOverride/Content/Gameplay/GameMode/BP_DeathMatchGameMode.uasset" 190
"../../../Engine/Content/EngineMaterials/WorldGridMaterial.uasset" 191
"../../../ChaosOverride/Content/Materials/Dev/T_dev_orange_512-512.uasset" 192
"../../../ChaosOverride/Content/Materials/Dev/M_DevTexture.uasset" 193
"../../../ChaosOverride/Content/Materials/Dev/T_dev_grey_512-512.uasset" 194
"../../../ChaosOverride/Content/Materials/Dev/M_DevTex_G_512x512.uasset" 195
"../../../ChaosOverride/Content/Materials/Dev/T_dev_grey_512-64.uasset" 196
"../../../ChaosOverride/Content/Materials/Dev/M_DevTex_G_512x64.uasset" 197
"../../../ChaosOverride/Content/Character/Players/DeadLock/Materials/Mat1/DeadLock.uasset" 198
"../../../ChaosOverride/Content/Character/Players/DeadLock/Materials/Mat1/DeadlockJetPackMat_INST_emissive.uasset" 199
"../../../ChaosOverride/Content/Character/Players/DeadLock/Materials/Mat1/DeadlockJetPackMat_INST_metallic.uasset" 200
"../../../ChaosOverride/Content/Character/Players/DeadLock/Materials/Mat1/DeadlockJetPackMat_INST_normal.uasset" 201
"../../../ChaosOverride/Content/Character/Players/DeadLock/Materials/Mat1/DeadlockJetPackMat_INST_roughness.uasset" 202
"../../../ChaosOverride/Content/Character/Players/DeadLock/Materials/Mat1/DeadlockJetPackMat_INST.uasset" 203
"../../../ChaosOverride/Content/Character/Players/DeadLock/Materials/Mat1/DeadlockJetPackMat_INST_basecolor.uasset" 204
"../../../ChaosOverride/Content/Character/Players/DeadLock/Materials/Mat1/DeadlockJetPackMat_MAT.uasset" 205
"../../../ChaosOverride/Content/Character/Players/DeadLock/JetPack/Meshes/DeadlockJetPack_PhysicsAsset.uasset" 206
"../../../ChaosOverride/Content/Character/Players/DeadLock/JetPack/Meshes/DeadlockJetPack_Skeleton.uasset" 207
"../../../ChaosOverride/Content/Character/Players/DeadLock/JetPack/Meshes/DeadlockJetPack.uasset" 208
"../../../ChaosOverride/Content/Character/Players/DeadLock/Materials/Mat1/DeadlockBodyMat_INST_emissive.uasset" 209
"../../../ChaosOverride/Content/Character/Players/DeadLock/Materials/Mat1/DeadlockBodyMat_INST_metallic.uasset" 210
"../../../ChaosOverride/Content/Character/Players/DeadLock/Materials/Mat1/DeadlockBodyMat_INST_normal.uasset" 211
"../../../ChaosOverride/Content/Character/Players/DeadLock/Materials/Mat1/DeadlockBodyMat_INST_roughness.uasset" 212
"../../../ChaosOverride/Content/Character/Players/DeadLock/Materials/Mat1/DeadlockBodyMat_INST.uasset" 213
"../../../ChaosOverride/Content/Character/Players/DeadLock/Materials/Mat1/DeadlockBodyMat_INST_basecolor_1.uasset" 214
"../../../ChaosOverride/Content/Character/Players/DeadLock/Materials/Mat1/DeadlockBodyMat_MAT.uasset" 215
"../../../ChaosOverride/Content/Character/Players/DeadLock/Materials/Mat1/DeadlockLegMat_INST_emissive.uasset" 216
"../../../ChaosOverride/Content/Character/Players/DeadLock/Materials/Mat1/DeadlockLegMat_INST_metallic.uasset" 217
"../../../ChaosOverride/Content/Character/Players/DeadLock/Materials/Mat1/DeadlockLegMat_INST_normal.uasset" 218
"../../../ChaosOverride/Content/Character/Players/DeadLock/Materials/Mat1/DeadlockLegMat_INST_roughness.uasset" 219
"../../../ChaosOverride/Content/Character/Players/DeadLock/Materials/Mat1/DeadlockLegMat_INST.uasset" 220
"../../../ChaosOverride/Content/Character/Players/DeadLock/Materials/Mat1/DeadlockLegMat_INST_basecolor.uasset" 221
"../../../ChaosOverride/Content/Character/Players/DeadLock/Materials/Mat1/DeadlockLegMat_MAT.uasset" 222
"../../../ChaosOverride/Content/Character/Players/DeadLock/Materials/Mat1/DeadLockMemberMat_INST_emissive.uasset" 223
"../../../ChaosOverride/Content/Character/Players/DeadLock/Materials/Mat1/DeadLockMemberMat_INST_metallic.uasset" 224
"../../../ChaosOverride/Content/Character/Players/DeadLock/Materials/Mat1/DeadLockMemberMat_INST_normal.uasset" 225
"../../../ChaosOverride/Content/Character/Players/DeadLock/Materials/Mat1/DeadLockMemberMat_INST_roughness.uasset" 226
"../../../ChaosOverride/Content/Character/Players/DeadLock/Materials/Mat1/DeadLockMemberMat_INST.uasset" 227
"../../../ChaosOverride/Content/Character/Players/DeadLock/Materials/Mat1/DeadLockMemberMat_INST_basecolor.uasset" 228
"../../../ChaosOverride/Content/Character/Players/DeadLock/Materials/Mat1/DeadLockMemberMat_MAT.uasset" 229
"../../../ChaosOverride/Content/Character/Players/DeadLock/Meshes/Deadlock_Physics.uasset" 230
"../../../ChaosOverride/Content/Character/Players/DeadLock/Meshes/Deadlock.uasset" 231
"../../../ChaosOverride/Content/Character/Players/Hoverbot/Meshes/M_Hoverbot.uasset" 232
"../../../ChaosOverride/Content/Character/Players/Hoverbot/Meshes/CH_Hoverbot.uasset" 233
"../../../ChaosOverride/Content/Character/Players/DeadLock/Materials/Mat1/DeadlockHammerMat_INST_emissive.uasset" 234
"../../../ChaosOverride/Content/Character/Players/DeadLock/Materials/Mat1/DeadlockHammerMat_INST_metallic.uasset" 235
"../../../ChaosOverride/Content/Character/Players/DeadLock/Materials/Mat1/DeadlockHammerMat_INST_normal.uasset" 236
"../../../ChaosOverride/Content/Character/Players/DeadLock/Materials/Mat1/DeadlockHammerMat_INST_roughness.uasset" 237
"../../../ChaosOverride/Content/Character/Players/DeadLock/Materials/Mat1/DeadlockHammerMat_INST.uasset" 238
"../../../ChaosOverride/Content/Character/Players/DeadLock/Materials/Mat1/DeadlockHammerMat_INST_basecolor.uasset" 239
"../../../ChaosOverride/Content/Character/Players/DeadLock/Materials/Mat1/DeadlockHammerMat_MAT.uasset" 240
"../../../ChaosOverride/Content/Character/Weapon/DeadlockHammer/Meshes/DeadlockHammer_PhysicsAsset.uasset" 241
"../../../ChaosOverride/Content/Character/Weapon/DeadlockHammer/Meshes/DeadlockHammer_Skeleton.uasset" 242
"../../../ChaosOverride/Content/Character/Weapon/DeadlockHammer/Meshes/DeadlockHammer.uasset" 243
"../../../ChaosOverride/Content/Environnement/Props/Caisse1/Materials/Caisse1Prop.uasset" 244
"../../../ChaosOverride/Content/Environnement/Props/Caisse1/Materials/Caisse1Prop_INST_emissive.uasset" 245
"../../../ChaosOverride/Content/Environnement/Props/Caisse1/Materials/Caisse1Prop_INST_metallic.uasset" 246
"../../../ChaosOverride/Content/Environnement/Props/Caisse1/Materials/Caisse1Prop_INST_normal.uasset" 247
"../../../ChaosOverride/Content/Environnement/Props/Caisse1/Materials/Caisse1Prop_INST_roughness.uasset" 248
"../../../ChaosOverride/Content/Environnement/Props/Caisse1/Materials/Caisse1Prop_INST.uasset" 249
"../../../ChaosOverride/Content/Environnement/Props/Caisse1/Materials/Caisse1Prop_INST_basecolor.uasset" 250
"../../../ChaosOverride/Content/Environnement/Props/Caisse1/Materials/Caisse1Prop_MAT.uasset" 251
"../../../ChaosOverride/Content/Environnement/Props/Caisse1/Meshes/caisse1.uasset" 252
"../../../ChaosOverride/Content/Maps/Map5.umap" 253
"../../../ChaosOverride/Content/Environnement/GameplatElement/Point/BP_COInterestPoint.uasset" 254
"../../../ChaosOverride/Content/Environnement/GameplatElement/Respawn/BP_COPlayerStart.uasset" 255
"../../../ChaosOverride/Content/Character/Weapon/Devastator/Blueprints/AnimBP_Devastator.uasset" 256
"../../../ChaosOverride/Content/Character/WeaponProjectile/DevastoDickProjectile/Mesh/SM_Bite.uasset" 257
"../../../ChaosOverride/Content/Character/WeaponProjectile/DevastoDickProjectile/Blueprint/BP_ProjectileDesvatoDick.uasset" 258
"../../../ChaosOverride/Content/StarterContent/Textures/T_Lamp_M.uasset" 259
"../../../ChaosOverride/Content/StarterContent/Textures/T_Lamp_N.uasset" 260
"../../../ChaosOverride/Content/StarterContent/Props/Materials/M_Lamp.uasset" 261
"../../../ChaosOverride/Content/Character/Weapon/DevastoDick/BP_DevastoDick.uasset" 262
"../../../ChaosOverride/Content/Environnement/GameplatElement/Pickable/Weapon/BP_Pickable_DevastoDick.uasset" 263
"../../../ChaosOverride/Content/Materials/Dev/T_dev_grey_512-128.uasset" 264
"../../../ChaosOverride/Content/Materials/Dev/M_DevTex_G_512x128.uasset" 265
"../../../ChaosOverride/Content/Materials/Dev/T_dev_grey_512-32.uasset" 266
"../../../ChaosOverride/Content/Materials/Dev/M_DevTex_G_512x32.uasset" 267
"../../../ChaosOverride/Content/Materials/Dev/T_dev_orange_512-128.uasset" 268
"../../../ChaosOverride/Content/Materials/Dev/M_DevTex_O_512x128.uasset" 269
"../../../ChaosOverride/Content/Materials/Dev/T_dev_orange_512-256.uasset" 270
"../../../ChaosOverride/Content/Materials/Dev/M_DevTex_O_512x256.uasset" 271
"../../../ChaosOverride/Content/Materials/Dev/T_dev_orange_512-64.uasset" 272
"../../../ChaosOverride/Content/Materials/Dev/M_DevTex_O_512x64.uasset" 273
"../../../ChaosOverride/Content/Maps/Map4.umap" 274
"../../../ChaosOverride/Content/StarterContent/Props/SM_Lamp_Wall.uasset" 275
"../../../ChaosOverride/Content/StarterContent/Blueprints/Blueprint_WallSconce.uasset" 276
"../../../ChaosOverride/Content/StarterContent/Materials/M_Basic_Floor.uasset" 277
"../../../ChaosOverride/Content/StarterContent/Materials/M_Basic_Wall.uasset" 278
"../../../ChaosOverride/Content/StarterContent/Materials/M_Glass.uasset" 279
"../../../ChaosOverride/Content/StarterContent/Textures/T_Ground_Grass_D.uasset" 280
"../../../ChaosOverride/Content/StarterContent/Textures/T_Ground_Grass_N.uasset" 281
"../../../ChaosOverride/Content/StarterContent/Textures/T_MacroVariation.uasset" 282
"../../../ChaosOverride/Content/StarterContent/Textures/T_Perlin_Noise_M.uasset" 283
"../../../ChaosOverride/Content/StarterContent/Materials/M_Ground_Grass.uasset" 284
"../../../Engine/Content/Functions/Engine_MaterialFunctions02/Utility/BlendAngleCorrectedNormals.uasset" 285
"../../../ChaosOverride/Content/StarterContent/Textures/T_Metal_Rust_D.uasset" 286
"../../../ChaosOverride/Content/StarterContent/Textures/T_Metal_Rust_N.uasset" 287
"../../../ChaosOverride/Content/StarterContent/Materials/M_Metal_Rust.uasset" 288
"../../../ChaosOverride/Content/StarterContent/Textures/T_Tech_Hex_Tile_M.uasset" 289
"../../../ChaosOverride/Content/StarterContent/Textures/T_Tech_Hex_Tile_N.uasset" 290
"../../../ChaosOverride/Content/StarterContent/Materials/M_Tech_Hex_Tile.uasset" 291
"../../../ChaosOverride/Content/StarterContent/Materials/M_Tech_Hex_Tile_Pulse.uasset" 292
"../../../ChaosOverride/Content/StarterContent/Textures/T_Wood_Oak_D.uasset" 293
"../../../ChaosOverride/Content/StarterContent/Textures/T_Wood_Oak_N.uasset" 294
"../../../ChaosOverride/Content/StarterContent/Materials/M_Wood_Oak.uasset" 295
"../../../ChaosOverride/Content/StarterContent/Textures/T_Wood_Pine_D.uasset" 296
"../../../ChaosOverride/Content/StarterContent/Textures/T_Wood_Pine_N.uasset" 297
"../../../ChaosOverride/Content/StarterContent/Materials/M_Wood_Pine.uasset" 298
"../../../ChaosOverride/Content/StarterContent/Textures/T_Bush_D.uasset" 299
"../../../ChaosOverride/Content/StarterContent/Textures/T_Bush_N.uasset" 300
"../../../ChaosOverride/Content/StarterContent/Props/Materials/M_Bush.uasset" 301
"../../../ChaosOverride/Content/StarterContent/Props/SM_Bush.uasset" 302
"../../../ChaosOverride/Content/StarterContent/Textures/T_Chair_M.uasset" 303
"../../../ChaosOverride/Content/StarterContent/Textures/T_Chair_N.uasset" 304
"../../../ChaosOverride/Content/StarterContent/Props/Materials/M_Chair.uasset" 305
"../../../ChaosOverride/Content/StarterContent/Props/SM_Chair.uasset" 306
"../../../ChaosOverride/Content/StarterContent/Props/SM_Couch.uasset" 307
"../../../ChaosOverride/Content/StarterContent/Props/SM_Lamp_Ceiling.uasset" 308
"../../../ChaosOverride/Content/StarterContent/Props/Materials/M_MaterialSphere.uasset" 309
"../../../ChaosOverride/Content/StarterContent/Props/Materials/M_MaterialSphere_Plain.uasset" 310
"../../../ChaosOverride/Content/StarterContent/Props/SM_MatPreviewMesh_02.uasset" 311
"../../../ChaosOverride/Content/StarterContent/Textures/T_Statue_M.uasset" 312
"../../../ChaosOverride/Content/StarterContent/Textures/T_Statue_N.uasset" 313
"../../../ChaosOverride/Content/StarterContent/Props/Materials/M_Statue.uasset" 314
"../../../ChaosOverride/Content/StarterContent/Props/Materials/M_StatueGlass.uasset" 315
"../../../ChaosOverride/Content/StarterContent/Props/SM_Statue.uasset" 316
"../../../ChaosOverride/Content/StarterContent/Textures/T_TableRound_M.uasset" 317
"../../../ChaosOverride/Content/StarterContent/Textures/T_TableRound_N.uasset" 318
"../../../ChaosOverride/Content/StarterContent/Props/Materials/M_TableRound.uasset" 319
"../../../ChaosOverride/Content/StarterContent/Props/SM_TableRound.uasset" 320
"../../../ChaosOverride/Content/Maps/Map3.umap" 321
"../../../Engine/Content/MapTemplates/SM_Template_Map_Floor.uasset" 322
"../../../ChaosOverride/Content/Maps/Map2.umap" 323
"../../../ChaosOverride/Content/InfinityBladeAdversaries/Enemy/Enemy_Bear/Textures/T_Enemy_Bear_D.uasset" 324
"../../../ChaosOverride/Content/InfinityBladeAdversaries/Enemy/Enemy_Bear/Textures/T_Enemy_Bear_M.uasset" 325
"../../../ChaosOverride/Content/InfinityBladeAdversaries/Enemy/Enemy_Bear/Textures/T_Enemy_Bear_N.uasset" 326
"../../../ChaosOverride/Content/InfinityBladeAdversaries/Enemy/Enemy_Bear/Materials/M_Bear_Master.uasset" 327
"../../../ChaosOverride/Content/InfinityBladeAdversaries/Enemy/Enemy_Bear/Materials/M_Bear_Stone_Inst.uasset" 328
"../../../ChaosOverride/Content/InfinityBladeAdversaries/Enemy/Enemy_Bear/Enemy_Bear.uasset" 329
"../../../ChaosOverride/Content/InfinityBladeAdversaries/Enemy/Enemy_Bear/Bear_Export_Skeleton.uasset" 330
"../../../ChaosOverride/Content/InfinityBladeAdversaries/Enemy/Enemy_Bear/Enemy_Bear_Animations/ExoGame_Bears_Idle.uasset" 331
"../../../ChaosOverride/Content/Environnement/GameplatElement/Pickable/Weapon/BP_RemoveDesvatoDick.uasset" 332
"../../../ChaosOverride/Content/Environnement/GameplatElement/Pickable/Weapon/BP_RemoveWeaponAtIndex0.uasset" 333
"../../../ChaosOverride/Content/Character/Players/Sensei/Materials/Mat10/Sensei_Body_Substance_INST10_basecolor.uasset" 334
"../../../ChaosOverride/Content/Character/Players/Sensei/Materials/Mat10/Sensei_Body_Substance_INST10_emissive.uasset" 335
"../../../ChaosOverride/Content/Character/Players/Sensei/Materials/Mat10/Sensei_Body_Substance_INST10_metallic.uasset" 336
"../../../ChaosOverride/Content/Character/Players/Sensei/Materials/Mat10/Sensei_Body_Substance_INST10_normal.uasset" 337
"../../../ChaosOverride/Content/Character/Players/Sensei/Materials/Mat10/Sensei_Body_Substance_INST10_roughness.uasset" 338
"../../../ChaosOverride/Content/Character/Players/Sensei/Materials/Mat10/Sensei_Body_Substance_INST10.uasset" 339
"../../../ChaosOverride/Content/Character/Players/Sensei/Materials/Mat10/Sensei_Body_Substance_INST10_ambiant_occlusion.uasset" 340
"../../../ChaosOverride/Content/Character/Players/Sensei/Materials/Mat10/Sensei_Body_Substance_MAT10.uasset" 341
"../../../ChaosOverride/Content/Character/Players/Sensei/Materials/Mat2/Sensei_Body_Substance_INST2_basecolor.uasset" 342
"../../../ChaosOverride/Content/Character/Players/Sensei/Materials/Mat2/Sensei_Body_Substance_INST2_emissive.uasset" 343
"../../../ChaosOverride/Content/Character/Players/Sensei/Materials/Mat2/Sensei_Body_Substance_INST2_metallic.uasset" 344
"../../../ChaosOverride/Content/Character/Players/Sensei/Materials/Mat2/Sensei_Body_Substance_INST2_normal.uasset" 345
"../../../ChaosOverride/Content/Character/Players/Sensei/Materials/Mat2/Sensei_Body_Substance_INST2_roughness.uasset" 346
"../../../ChaosOverride/Content/Character/Players/Sensei/Materials/Mat2/Sensei_Body_Substance_INST2.uasset" 347
"../../../ChaosOverride/Content/Character/Players/Sensei/Materials/Mat2/Sensei_Body_Substance_INST2_ambiant_occlusion.uasset" 348
"../../../ChaosOverride/Content/Character/Players/Sensei/Materials/Mat2/Sensei_Body_Substance_MAT2.uasset" 349
"../../../ChaosOverride/Content/Character/Players/Sensei/Materials/Mat3/Sensei_Body_Substance_INST3_basecolor.uasset" 350
"../../../ChaosOverride/Content/Character/Players/Sensei/Materials/Mat3/Sensei_Body_Substance_INST3_emissive.uasset" 351
"../../../ChaosOverride/Content/Character/Players/Sensei/Materials/Mat3/Sensei_Body_Substance_INST3_metallic.uasset" 352
"../../../ChaosOverride/Content/Character/Players/Sensei/Materials/Mat3/Sensei_Body_Substance_INST3_normal.uasset" 353
"../../../ChaosOverride/Content/Character/Players/Sensei/Materials/Mat3/Sensei_Body_Substance_INST3_roughness.uasset" 354
"../../../ChaosOverride/Content/Character/Players/Sensei/Materials/Mat3/Sensei_Body_Substance_INST3.uasset" 355
"../../../ChaosOverride/Content/Character/Players/Sensei/Materials/Mat3/Sensei_Body_Substance_INST3_ambiant_occlusion.uasset" 356
"../../../ChaosOverride/Content/Character/Players/Sensei/Materials/Mat3/Sensei_Body_Substance_MAT3.uasset" 357
"../../../ChaosOverride/Content/Character/Players/Sensei/Materials/Mat4/Sensei_Body_Substance_INST4_basecolor.uasset" 358
"../../../ChaosOverride/Content/Character/Players/Sensei/Materials/Mat4/Sensei_Body_Substance_INST4_emissive.uasset" 359
"../../../ChaosOverride/Content/Character/Players/Sensei/Materials/Mat4/Sensei_Body_Substance_INST4_metallic.uasset" 360
"../../../ChaosOverride/Content/Character/Players/Sensei/Materials/Mat4/Sensei_Body_Substance_INST4_normal.uasset" 361
"../../../ChaosOverride/Content/Character/Players/Sensei/Materials/Mat4/Sensei_Body_Substance_INST4_roughness.uasset" 362
"../../../ChaosOverride/Content/Character/Players/Sensei/Materials/Mat4/Sensei_Body_Substance_INST4.uasset" 363
"../../../ChaosOverride/Content/Character/Players/Sensei/Materials/Mat4/Sensei_Body_Substance_INST4_ambiant_occlusion.uasset" 364
"../../../ChaosOverride/Content/Character/Players/Sensei/Materials/Mat4/Sensei_Body_Substance_MAT4.uasset" 365
"../../../ChaosOverride/Content/Character/Players/Sensei/Materials/Mat5/Sensei_Body_Substance_INST5_basecolor.uasset" 366
"../../../ChaosOverride/Content/Character/Players/Sensei/Materials/Mat5/Sensei_Body_Substance_INST5_emissive.uasset" 367
"../../../ChaosOverride/Content/Character/Players/Sensei/Materials/Mat5/Sensei_Body_Substance_INST5_metallic.uasset" 368
"../../../ChaosOverride/Content/Character/Players/Sensei/Materials/Mat5/Sensei_Body_Substance_INST5_normal.uasset" 369
"../../../ChaosOverride/Content/Character/Players/Sensei/Materials/Mat5/Sensei_Body_Substance_INST5_roughness.uasset" 370
"../../../ChaosOverride/Content/Character/Players/Sensei/Materials/Mat5/Sensei_Body_Substance_INST5.uasset" 371
"../../../ChaosOverride/Content/Character/Players/Sensei/Materials/Mat5/Sensei_Body_Substance_INST5_ambiant_occlusion.uasset" 372
"../../../ChaosOverride/Content/Character/Players/Sensei/Materials/Mat5/Sensei_Body_Substance_MAT5.uasset" 373
"../../../ChaosOverride/Content/Character/Players/Sensei/Materials/Mat6/Sensei_Body_Substance_INST6_basecolor.uasset" 374
"../../../ChaosOverride/Content/Character/Players/Sensei/Materials/Mat6/Sensei_Body_Substance_INST6_emissive.uasset" 375
"../../../ChaosOverride/Content/Character/Players/Sensei/Materials/Mat6/Sensei_Body_Substance_INST6_metallic.uasset" 376
"../../../ChaosOverride/Content/Character/Players/Sensei/Materials/Mat6/Sensei_Body_Substance_INST6_normal.uasset" 377
"../../../ChaosOverride/Content/Character/Players/Sensei/Materials/Mat6/Sensei_Body_Substance_INST6_roughness.uasset" 378
"../../../ChaosOverride/Content/Character/Players/Sensei/Materials/Mat6/Sensei_Body_Substance_INST6.uasset" 379
"../../../ChaosOverride/Content/Character/Players/Sensei/Materials/Mat6/Sensei_Body_Substance_INST6_ambiant_occlusion.uasset" 380
"../../../ChaosOverride/Content/Character/Players/Sensei/Materials/Mat6/Sensei_Body_Substance_MAT6.uasset" 381
"../../../ChaosOverride/Content/Character/Players/Sensei/Materials/Mat7/Sensei_Body_Substance_INST7_basecolor.uasset" 382
"../../../ChaosOverride/Content/Character/Players/Sensei/Materials/Mat7/Sensei_Body_Substance_INST7_emissive.uasset" 383
"../../../ChaosOverride/Content/Character/Players/Sensei/Materials/Mat7/Sensei_Body_Substance_INST7_metallic.uasset" 384
"../../../ChaosOverride/Content/Character/Players/Sensei/Materials/Mat7/Sensei_Body_Substance_INST7_normal.uasset" 385
"../../../ChaosOverride/Content/Character/Players/Sensei/Materials/Mat7/Sensei_Body_Substance_INST7_roughness.uasset" 386
"../../../ChaosOverride/Content/Character/Players/Sensei/Materials/Mat7/Sensei_Body_Substance_INST7.uasset" 387
"../../../ChaosOverride/Content/Character/Players/Sensei/Materials/Mat7/Sensei_Body_Substance_INST7_ambiant_occlusion.uasset" 388
"../../../ChaosOverride/Content/Character/Players/Sensei/Materials/Mat7/Sensei_Body_Substance_MAT7.uasset" 389
"../../../ChaosOverride/Content/Character/Players/Sensei/Materials/Mat8/Sensei_Body_Substance_INST8_basecolor.uasset" 390
"../../../ChaosOverride/Content/Character/Players/Sensei/Materials/Mat8/Sensei_Body_Substance_INST8_emissive.uasset" 391
"../../../ChaosOverride/Content/Character/Players/Sensei/Materials/Mat8/Sensei_Body_Substance_INST8_metallic.uasset" 392
"../../../ChaosOverride/Content/Character/Players/Sensei/Materials/Mat8/Sensei_Body_Substance_INST8_normal.uasset" 393
"../../../ChaosOverride/Content/Character/Players/Sensei/Materials/Mat8/Sensei_Body_Substance_INST8_roughness.uasset" 394
"../../../ChaosOverride/Content/Character/Players/Sensei/Materials/Mat8/Sensei_Body_Substance_INST8.uasset" 395
"../../../ChaosOverride/Content/Character/Players/Sensei/Materials/Mat8/Sensei_Body_Substance_INST8_ambiant_occlusion.uasset" 396
"../../../ChaosOverride/Content/Character/Players/Sensei/Materials/Mat8/Sensei_Body_Substance_MAT8.uasset" 397
"../../../ChaosOverride/Content/Character/Players/Sensei/Materials/Mat9/Sensei_Body_Substance_INST9_basecolor.uasset" 398
"../../../ChaosOverride/Content/Character/Players/Sensei/Materials/Mat9/Sensei_Body_Substance_INST9_emissive.uasset" 399
"../../../ChaosOverride/Content/Character/Players/Sensei/Materials/Mat9/Sensei_Body_Substance_INST9_metallic.uasset" 400
"../../../ChaosOverride/Content/Character/Players/Sensei/Materials/Mat9/Sensei_Body_Substance_INST9_normal.uasset" 401
"../../../ChaosOverride/Content/Character/Players/Sensei/Materials/Mat9/Sensei_Body_Substance_INST9_roughness.uasset" 402
"../../../ChaosOverride/Content/Character/Players/Sensei/Materials/Mat9/Sensei_Body_Substance_INST9.uasset" 403
"../../../ChaosOverride/Content/Character/Players/Sensei/Materials/Mat9/Sensei_Body_Substance_INST9_ambiant_occlusion.uasset" 404
"../../../ChaosOverride/Content/Character/Players/Sensei/Materials/Mat9/Sensei_Body_Substance_MAT9.uasset" 405
"../../../ChaosOverride/Content/Environnement/Landscape/Textures/T_CrackGroundSoil_BaseColor.uasset" 406
"../../../ChaosOverride/Content/Environnement/Landscape/Textures/T_CrackGroundSoil_Normal.uasset" 407
"../../../ChaosOverride/Content/Environnement/Landscape/Materials/M_CrackGroundSoil.uasset" 408
"../../../ChaosOverride/Content/Environnement/Landscape/Textures/T_BrickWall_BaseColor.uasset" 409
"../../../ChaosOverride/Content/Environnement/Landscape/Textures/T_BrickWall_Roughness.uasset" 410
"../../../ChaosOverride/Content/Environnement/Landscape/Materials/T_BrickWall_BaseColor_Mat.uasset" 411
"../../../ChaosOverride/Content/Materials/SciFi/FallenPainted/Fallen_Painted_Metal.uasset" 412
"../../../ChaosOverride/Content/Materials/SciFi/FallenPainted/Fallen_Painted_Metal_INST_height.uasset" 413
"../../../ChaosOverride/Content/Materials/SciFi/FallenPainted/Fallen_Painted_Metal_INST_metallic.uasset" 414
"../../../ChaosOverride/Content/Materials/SciFi/FallenPainted/Fallen_Painted_Metal_INST_normal.uasset" 415
"../../../ChaosOverride/Content/Materials/SciFi/FallenPainted/Fallen_Painted_Metal_INST_roughness.uasset" 416
"../../../ChaosOverride/Content/Materials/SciFi/FallenPainted/Fallen_Painted_Metal_INST.uasset" 417
"../../../ChaosOverride/Content/Materials/SciFi/FallenPainted/Fallen_Painted_Metal_INST_basecolor.uasset" 418
"../../../ChaosOverride/Content/Materials/SciFi/FallenPainted/Fallen_Painted_Metal_MAT.uasset" 419
"../../../ChaosOverride/Content/Materials/SciFi/RubberFloorTile/Rubber_Floor_tile.uasset" 420
"../../../ChaosOverride/Content/Materials/SciFi/RubberFloorTile/Rubber_Floor_tile_INST_metallic.uasset" 421
"../../../ChaosOverride/Content/Materials/SciFi/RubberFloorTile/Rubber_Floor_tile_INST_normal.uasset" 422
"../../../ChaosOverride/Content/Materials/SciFi/RubberFloorTile/Rubber_Floor_tile_INST_roughness.uasset" 423
"../../../ChaosOverride/Content/Materials/SciFi/RubberFloorTile/Rubber_Floor_tile_INST.uasset" 424
"../../../ChaosOverride/Content/Materials/SciFi/RubberFloorTile/Rubber_Floor_tile_INST_basecolor.uasset" 425
"../../../ChaosOverride/Content/Materials/SciFi/RubberFloorTile/Rubber_Floor_tile_MAT.uasset" 426
"../../../ChaosOverride/Content/StarterContent/Textures/T_Concrete_Tiles_D.uasset" 427
"../../../ChaosOverride/Content/StarterContent/Textures/T_Concrete_Tiles_M.uasset" 428
"../../../ChaosOverride/Content/StarterContent/Textures/T_Concrete_Tiles_N.uasset" 429
"../../../ChaosOverride/Content/StarterContent/Textures/T_Concrete_Tiles_Variation_M.uasset" 430
"../../../ChaosOverride/Content/StarterContent/Materials/M_Concrete_Tiles.uasset" 431
"../../../ChaosOverride/Content/StarterContent/Textures/T_Water_M.uasset" 432
"../../../ChaosOverride/Content/StarterContent/Textures/T_Water_N.uasset" 433
"../../../ChaosOverride/Content/StarterContent/Materials/M_Water_Ocean.uasset" 434
"../../../Engine/Content/Functions/Engine_MaterialFunctions01/Opacity/AlphaOffset.uasset" 435
"../../../ChaosOverride/Content/StarterContent/Textures/T_Wood_Floor_Walnut_D.uasset" 436
"../../../ChaosOverride/Content/StarterContent/Textures/T_Wood_Floor_Walnut_M.uasset" 437
"../../../ChaosOverride/Content/StarterContent/Textures/T_Wood_Floor_Walnut_N.uasset" 438
"../../../ChaosOverride/Content/StarterContent/Materials/M_Wood_Floor_Walnut_Worn.uasset" 439
"../../../ChaosOverride/Content/Environnement/Landscape/Materials/M_BaseSimpleColor.uasset" 440
"../../../ChaosOverride/Content/Environnement/Landscape/Materials/M_Orange_Inst.uasset" 441
"../../../ChaosOverride/Content/Environnement/Landscape/Materials/M_White_Inst.uasset" 442
"../../../ChaosOverride/Content/StarterContent/Architecture/Floor_400x400.uasset" 443
"../../../ChaosOverride/Content/StarterContent/Textures/T_Detail_Rocky_N.uasset" 444
"../../../ChaosOverride/Content/StarterContent/Textures/T_Rock_Basalt_D.uasset" 445
"../../../ChaosOverride/Content/StarterContent/Textures/T_RockMesh_M.uasset" 446
"../../../ChaosOverride/Content/StarterContent/Textures/T_RockMesh_N.uasset" 447
"../../../ChaosOverride/Content/StarterContent/Props/Materials/M_Rock.uasset" 448
"../../../ChaosOverride/Content/StarterContent/Props/SM_Rock.uasset" 449
"../../../ChaosOverride/Content/StarterContent/Textures/T_Shelf_M.uasset" 450
"../../../ChaosOverride/Content/StarterContent/Textures/T_Shelf_N.uasset" 451
"../../../ChaosOverride/Content/StarterContent/Props/Materials/M_Shelf.uasset" 452
"../../../ChaosOverride/Content/StarterContent/Props/SM_Shelf.uasset" 453
"../../../ChaosOverride/Content/Maps/Map1.umap" 454
"../../../ChaosOverride/Content/Gameplay/GameMode/BP_MainMenuGameMode.uasset" 455
"../../../ChaosOverride/Content/StarterContent/Textures/T_Rock_Sandstone_D.uasset" 456
"../../../ChaosOverride/Content/StarterContent/Textures/T_Rock_Sandstone_N.uasset" 457
"../../../ChaosOverride/Content/StarterContent/Materials/M_Rock_Sandstone.uasset" 458
"../../../ChaosOverride/Content/StarterContent/Textures/T_Metal_Steel_D.uasset" 459
"../../../ChaosOverride/Content/StarterContent/Textures/T_Tech_Panel_M.uasset" 460
"../../../ChaosOverride/Content/StarterContent/Textures/T_Tech_Panel_N.uasset" 461
"../../../ChaosOverride/Content/StarterContent/Materials/M_Tech_Panel.uasset" 462
"../../../ChaosOverride/Content/HUD/Misc/CurrentState.uasset" 463
"../../../ChaosOverride/Content/Gameplay/SaveGame/BP_ListOfSlot_SaveGame.uasset" 464
"../../../ChaosOverride/Content/Gameplay/SaveGame/BP_ProfileSaveGame.uasset" 465
"../../../ChaosOverride/Content/HUD/ProfileCreation/ProfileRow.uasset" 466
"../../../ChaosOverride/Content/HUD/ProfileCreation/DeleteProfile.uasset" 467
"../../../ChaosOverride/Content/Gameplay/GameMode/BP_FreeForAllGameMode.uasset" 468
"../../../ChaosOverride/Content/HUD/Demo/DemoConfig.uasset" 469
"../../../ChaosOverride/Content/Character/Players/DeadLock/Blueprints/BP_Deadlock.uasset" 470
"../../../ChaosOverride/Content/Gameplay/GameState/BP_COGameState.uasset" 471
"../../../ChaosOverride/Content/Gameplay/GameMode/BP_COGameMode.uasset" 472
"../../../ChaosOverride/Content/HUD/Session/SessionCreationFailed.uasset" 473
"../../../ChaosOverride/Content/HUD/Session/HostSessionSettings.uasset" 474
"../../../ChaosOverride/Content/HUD/Misc/Loading.uasset" 475
"../../../ChaosOverride/Content/HUD/Session/ServerRow.uasset" 476
"../../../ChaosOverride/Content/HUD/Session/ServerList.uasset" 477
"../../../ChaosOverride/Content/HUD/Session/JoinSessionSettings.uasset" 478
"../../../ChaosOverride/Content/HUD/Session/CreateJoinBackSession.uasset" 479
"../../../ChaosOverride/Content/HUD/MainMenu/MainMenu.uasset" 480
"../../../ChaosOverride/Content/HUD/ProfileCreation/ProfileAlreadyExist.uasset" 481
"../../../ChaosOverride/Content/HUD/ProfileCreation/ProfileCreation.uasset" 482
"../../../ChaosOverride/Content/HUD/ProfileCreation/ProfileSelection.uasset" 483
"../../../ChaosOverride/Content/Maps/MainMenu.umap" 484
"../../../ChaosOverride/Content/Gameplay/GameState/BP_LobbyGameState.uasset" 485
"../../../ChaosOverride/Content/Gameplay/GameMode/BP_LobbyGameMode.uasset" 486
"../../../ChaosOverride/Content/HUD/Lobby/PlayerRow.uasset" 487
"../../../ChaosOverride/Content/HUD/Misc/ErrorDialog.uasset" 488
"../../../ChaosOverride/Content/HUD/Lobby/MapRaw.uasset" 489
"../../../ChaosOverride/Content/HUD/Lobby/AvailableMapSelection.uasset" 490
"../../../ChaosOverride/Content/HUD/Lobby/GameModeRaw.uasset" 491
"../../../ChaosOverride/Content/HUD/Lobby/GameModeSelection.uasset" 492
"../../../ChaosOverride/Content/HUD/Lobby/MainLobby.uasset" 493
"../../../ChaosOverride/Content/Maps/Lobby.umap" 494
"../../../Engine/Content/EngineMaterials/DefaultDiffuse.uasset" 495
"../../../Engine/Content/EngineMaterials/DefaultNormal.uasset" 496
"../../../Engine/Content/Maps/Entry.umap" 497
"../../../Engine/Content/EngineFonts/Roboto.uasset" 498
"../../../Engine/Content/Functions/Engine_MaterialFunctions01/Shading/PowerToRoughness.uasset" 499
"../../../Engine/Content/Functions/Engine_MaterialFunctions01/Shading/ConvertFromDiffSpec.uasset" 500
"../../../Engine/Content/EngineMaterials/DefaultDeferredDecalMaterial.uasset" 501
"../../../Engine/Content/EngineMaterials/DefaultLightFunctionMaterial.uasset" 502
"../../../Engine/Content/Functions/Engine_MaterialFunctions02/Utility/BreakOutFloat2Components.uasset" 503
"../../../Engine/Content/EngineMaterials/DefaultPostProcessMaterial.uasset" 504
"../../../Engine/Content/EngineResources/DefaultTexture.uasset" 505
"../../../Engine/Content/EngineResources/WhiteSquareTexture.uasset" 506
"../../../Engine/Content/EngineMaterials/Widget3DPassThrough.uasset" 507
"../../../Engine/Content/EngineMaterials/Widget3DPassThrough_Translucent.uasset" 508
"../../../Engine/Content/EngineMaterials/Widget3DPassThrough_Translucent_OneSided.uasset" 509
"../../../Engine/Content/EngineMaterials/Widget3DPassThrough_Opaque.uasset" 510
"../../../Engine/Content/EngineMaterials/Widget3DPassThrough_Opaque_OneSided.uasset" 511
"../../../Engine/Content/EngineMaterials/Widget3DPassThrough_Masked.uasset" 512
"../../../Engine/Content/EngineMaterials/Widget3DPassThrough_Masked_OneSided.uasset" 513
"../../../Engine/Content/EditorResources/S_Actor.uasset" 514
"../../../Engine/Content/Maps/Templates/Thumbnails/Default.uasset" 515
"../../../Engine/Content/EditorMaterials/ParticleSystems/PSysThumbnail_NoImage.uasset" 516
"../../../Engine/Content/EditorMaterials/ParticleSystems/PSysThumbnail_OOD.uasset" 517
"../../../Engine/Content/EditorLandscapeResources/DataLayer.uasset" 518
"../../../Engine/Content/EngineDamageTypes/DmgTypeBP_Environmental.uasset" 519
"../../../Engine/Content/EngineMeshes/Sphere.uasset" 520
"../../../Engine/Content/EngineFonts/RobotoDistanceField.uasset" 521
"../../../Engine/Content/EngineMaterials/DefaultTextMaterialOpaque.uasset" 522
"../../../Engine/Content/EditorResources/S_Trigger.uasset" 523
"../../../Engine/Content/EngineResources/GradientTexture0.uasset" 524
"../../../Engine/Content/EngineResources/Black.uasset" 525
"../../../Engine/Content/EditorMaterials/MatineeGroups/MAT_Groups_Float.uasset" 526
"../../../Engine/Content/EditorMaterials/MatineeGroups/MAT_Groups_Director.uasset" 527
"../../../Engine/Content/EditorMaterials/MatineeGroups/MAT_Groups_Event.uasset" 528
"../../../Engine/Content/EditorMaterials/MatineeGroups/MAT_Groups_Anim.uasset" 529
"../../../Engine/Content/EditorMaterials/MatineeGroups/MAT_Groups_Fade.uasset" 530
"../../../Engine/Content/EditorMaterials/MatineeGroups/MAT_Groups_Move.uasset" 531
"../../../Engine/Content/EditorMaterials/MatineeGroups/MAT_Groups_Slomo.uasset" 532
"../../../Engine/Content/EditorMaterials/MatineeGroups/MAT_ColorTrack.uasset" 533
"../../../Engine/Content/EditorMaterials/MAT_Groups_Toggle.uasset" 534
"../../../Engine/Content/EditorMaterials/MatineeGroups/MAT_Groups_AudioMaster.uasset" 535
"../../../Engine/Content/EditorMaterials/MatineeGroups/MAT_Groups_Sound.uasset" 536
"../../../Engine/Content/EditorMaterials/MatineeGroups/MAT_Groups_Vector.uasset" 537
"../../../Engine/Content/EditorMaterials/MAT_Groups_Visibility.uasset" 538
"../../../Engine/Content/EngineResources/DefaultTextureCube.uasset" 539
"../../../Engine/Content/EngineMeshes/Cylinder.uasset" 540
"../../../Engine/Content/EngineTireTypes/DefaultTireType.uasset" 541
"../../../Engine/Content/EngineResources/AICON-Red.uasset" 542
"../../../Engine/Content/EngineResources/AICON-Green.uasset" 543
"../../../Engine/Content/Tutorial/Basics/LevelEditorAttract.uasset" 544
"../../../Engine/Content/Tutorial/BlueprintTutorials/TutorialAssets/Blueprint_64x.uasset" 545
"../../../Engine/Content/Tutorial/BlueprintTutorials/BlueprintEditorTutorial.uasset" 546
"../../../Engine/Content/Tutorial/ContentIntroCurve.uasset" 547
"../../../Engine/Plugins/2D/Paper2D/Content/PlaceholderTextures/DummySpriteTexture.uasset" 548
"../../../Engine/Plugins/2D/Paper2D/Content/DefaultSpriteMaterial.uasset" 549
"../../../Engine/Plugins/2D/Paper2D/Content/MaskedUnlitSpriteMaterial.uasset" 550
"../../../Engine/Plugins/2D/Paper2D/Content/OpaqueUnlitSpriteMaterial.uasset" 551
"../../../Engine/Plugins/2D/Paper2D/Content/DummySpriteTexture.uasset" 552
"../../../Engine/Plugins/2D/Paper2D/Content/DummySprite.uasset" 553
"../../../Engine/Plugins/2D/Paper2D/Content/DefaultPaperTerrainMaterial.uasset" 554
"../../../Engine/Plugins/Runtime/LeapMotionController/Content/LM_CapsuleMesh.uasset" 555
"../../../Engine/Plugins/Runtime/LeapMotionController/Content/LM_TorusMesh.uasset" 556
"../../../Engine/Plugins/Runtime/LeapMotionController/Content/LM_HandColor.uasset" 557
"../../../Engine/Plugins/Runtime/LeapMotionController/Content/LM_SampleDistortion.uasset" 558
"../../../Engine/Plugins/Runtime/LeapMotionController/Content/LM_TestTexture.uasset" 559
"../../../Engine/Plugins/Runtime/LeapMotionController/Content/LM_PassthroughMaterial.uasset" 560
"../../../Engine/Content/BasicShapes/Cube.uasset" 561
"../../../Engine/Content/EngineMaterials/RemoveSurfaceMaterial.uasset" 562
"../../../Engine/Content/EngineDebugMaterials/DebugMeshMaterial.uasset" 563
"../../../Engine/Content/EngineMaterials/InvalidLightmapSettings.uasset" 564
"../../../Engine/Content/EngineMaterials/M_InvalidLightmapSettings.uasset" 565
"../../../Engine/Content/EditorMaterials/GizmoMaterial.uasset" 566
"../../../Engine/Content/EngineMaterials/Good64x64TilingNoiseHighFreq.uasset" 567
"../../../Engine/Content/EngineMaterials/DefaultBokeh.uasset" 568
"../../../Engine/Content/EngineMaterials/PreintegratedSkinBRDF.uasset" 569
"../../../Engine/Content/EngineMaterials/MiniFont.uasset" 570
"../../../Engine/Content/EngineMaterials/WeightMapPlaceholderTexture.uasset" 571
"../../../Engine/Content/EngineMaterials/DefaultWhiteGrid.uasset" 572
"../../../Engine/Content/EngineMaterials/DefaultPhysicalMaterial.uasset" 573
"../../../Engine/Content/EngineFonts/RobotoTiny.uasset" 574
"../../../Engine/Content/MobileResources/HUD/MobileHUDButton3.uasset" 575
"../../../Engine/Content/MobileResources/HUD/MobileHUDDirectionPad3.uasset" 576
"../../../Engine/Content/MobileResources/HUD/MobileHUDDirectionStick.uasset" 577
"../../../Engine/Content/MobileResources/HUD/T_Castle_ThumbstickOutter.uasset" 578
"../../../Engine/Content/MobileResources/HUD/VirtualJoystick_Background.uasset" 579
"../../../Engine/Content/MobileResources/HUD/VirtualJoystick_Thumb.uasset" 580
"../../../Engine/Content/MobileResources/HUD/LeftVirtualJoystickOnly.uasset" 581
"../../../Engine/Content/EditorMaterials/PhAT_JointLimitMaterial.uasset" 582
"../../../Engine/Content/EditorMaterials/PreviewShadowIndicator.uasset" 583
"../../../Engine/Content/EditorMaterials/PreviewShadowIndicatorMaterial.uasset" 584
"../../../Engine/Content/EditorMeshes/ColorCalibrator/M_ChromeBall.uasset" 585
"../../../Engine/Content/EditorMeshes/ColorCalibrator/M_ClearCoat.uasset" 586
"../../../Engine/Content/EditorMeshes/ColorCalibrator/M_ClearCoatBlack.uasset" 587
"../../../Engine/Content/EditorMeshes/ColorCalibrator/T_ColorGrid.uasset" 588
"../../../Engine/Content/EditorMeshes/ColorCalibrator/M_ColorGrid.uasset" 589
"../../../Engine/Content/EditorMeshes/ColorCalibrator/M_GreyBall.uasset" 590
"../../../Engine/Content/EditorMeshes/ColorCalibrator/SM_ColorCalibrator.uasset" 591
"../../../Engine/Content/EditorResources/BSPVertex.uasset" 592
"../../../Engine/Content/EditorResources/EmptyActor.uasset" 593
"../../../Engine/Content/EngineDebugMaterials/HeatmapGradient.uasset" 594
"../../../Engine/Content/EngineDebugMaterials/BoneWeightMaterial.uasset" 595
"../../../Engine/Content/EngineDebugMaterials/GeomMaterial.uasset" 596
"../../../Engine/Content/EngineMaterials/EditorBrushMaterial.uasset" 597
"../../../Engine/Content/MobileResources/T_MobileControls_texture.uasset" 598
"../../../Engine/Content/MobileResources/T_MobileMenu2.uasset" 599
"../../../Engine/Content/MobileResources/HUD/AnalogHat.uasset" 600
"../../../Engine/Content/MobileResources/HUD/DefaultVirtualJoysticks.uasset" 601
"../../../Engine/Content/MobileResources/HUD/MobileHUDButton1_off.uasset" 602
"../../../Engine/Content/MobileResources/HUD/MobileHUDButton1_on.uasset" 603
"../../../Engine/Content/MobileResources/HUD/MobileHUDButton2_off.uasset" 604
"../../../Engine/Content/MobileResources/HUD/MobileHUDButton2_on.uasset" 605
"../../../Engine/Content/MobileResources/HUD/MobileHUDButtonFire.uasset" 606
"../../../Engine/Content/MobileResources/HUD/MobileHUDDirectionPad.uasset" 607
"../../../Engine/Content/MobileResources/HUD/MobileHUDDirectionPad2.uasset" 608
"../../../Engine/Content/MobileResources/HUD/T_Castle_ThumbstickInner.uasset" 609
"../../../Engine/Content/Tutorial/Basics/TutorialAssets/icon_tab_Levels_40x.uasset" 610
"../../../Engine/Content/Tutorial/Basics/LevelEditorOverview.uasset" 611
"../../../Engine/Content/Tutorial/BlueprintTutorials/TutorialAssets/BlueprintInterface_64x.uasset" 612
"../../../Engine/Content/Tutorial/BlueprintTutorials/TutorialAssets/Tutorial_BP_Interface.uasset" 613
"../../../Engine/Content/Tutorial/BlueprintTutorials/BlueprintInterfacesEditorOverview.uasset" 614
"../../../Engine/Content/Tutorial/BlueprintTutorials/TutorialAssets/BlueprintMacroLibrary_64x.uasset" 615
"../../../Engine/Content/Tutorial/BlueprintTutorials/TutorialAssets/Tutorial_BP_MacroLib.uasset" 616
"../../../Engine/Content/Tutorial/BlueprintTutorials/BlueprintMacroLibrariesEditorOverview.uasset" 617
"../../../Engine/Content/Tutorial/BlueprintTutorials/LevelBlueprintEditorOverview.uasset" 618
"../../../Engine/Content/Tutorial/Foliage/TutorialAssets/Foliage.uasset" 619
"../../../Engine/Content/Tutorial/Foliage/Foliage_Settings_Tutorial.uasset" 620
"../../../Engine/Content/Tutorial/Foliage/Foliage_Using_The_Tool_Tutorial.uasset" 621
"../../../Engine/Content/Tutorial/Foliage/Foliage_Intro_Tutorial.uasset" 622
"../../../Engine/Content/Tutorial/Landscape/TutorialAssets/Landscape.uasset" 623
"../../../Engine/Content/Tutorial/Landscape/Landscape_Painting_Mode.uasset" 624
"../../../Engine/Content/Tutorial/Landscape/Landscape_Sculpt_Mode.uasset" 625
"../../../Engine/Content/Tutorial/Landscape/Landscape_Manage_Mode.uasset" 626
"../../../Engine/Content/Tutorial/Paper2D/TutorialAssets/Paper2DFlipbook_TutorialIcon.uasset" 627
"../../../Engine/Content/Tutorial/Paper2D/FlipbookEditorTutorial.uasset" 628
"../../../Engine/Content/Tutorial/Paper2D/TutorialAssets/Paper2DSprite_TutorialIcon.uasset" 629
"../../../Engine/Content/Tutorial/Paper2D/SpriteEditorTutorial.uasset" 630
"../../../Engine/Content/EditorMeshes/EditorCube.uasset" 631
"../../../Engine/Content/Tutorial/SubEditors/TutorialAssets/Tutorial_DM.uasset" 632
"../../../Engine/Content/Tutorial/SubEditors/DestructibleMeshEditorTutorial.uasset" 633
"../../../Engine/Content/Tutorial/SubEditors/TutorialAssets/TutorialMaterial.uasset" 634
"../../../Engine/Content/Tutorial/SubEditors/MaterialEditorTutorial.uasset" 635
"../../../Engine/Content/Tutorial/SubEditors/TutorialAssets/T_SmokeSubUV_8X8.uasset" 636
"../../../Engine/Content/Tutorial/SubEditors/TutorialAssets/T_soft_smoke.uasset" 637
"../../../Engine/Content/Tutorial/SubEditors/TutorialAssets/M_smoke_subUV_blackbody.uasset" 638
"../../../Engine/Content/Tutorial/SubEditors/TutorialAssets/TutorialParticleSystem.uasset" 639
"../../../Engine/Content/Tutorial/SubEditors/ParticleSystemEditorTutorial.uasset" 640
"../../../Engine/Content/Tutorial/SubEditors/TutorialAssets/icon_ShowSkeletalMeshes_40x.uasset" 641
"../../../Engine/Content/Tutorial/SubEditors/TutorialAssets/Character/TutorialTPP_Mat.uasset" 642
"../../../Engine/Content/Tutorial/SubEditors/TutorialAssets/Character/TutorialTPP_PhysicsAsset.uasset" 643
"../../../Engine/Content/Tutorial/SubEditors/TutorialAssets/Character/TutorialTPP.uasset" 644
"../../../Engine/Content/Tutorial/SubEditors/TutorialAssets/Character/TutorialTPP_Skeleton.uasset" 645
"../../../Engine/Content/Tutorial/SubEditors/TutorialAssets/Character/Tutorial_Idle.uasset" 646
"../../../Engine/Content/Tutorial/SubEditors/TutorialAssets/Character/Tutorial_Walk_Fwd.uasset" 647
"../../../Engine/Content/Tutorial/SubEditors/TutorialAssets/Character/NewBlendSpace1D.uasset" 648
"../../../Engine/Content/Tutorial/SubEditors/TutorialAssets/Character/TutorialCharacter.uasset" 649
"../../../Engine/Content/Tutorial/SubEditors/TutorialAssets/Character/TutorialTPP_AnimBlueprint.uasset" 650
"../../../Engine/Content/Tutorial/SubEditors/PersonaAnimBlueprintEditorWalkthrough.uasset" 651
"../../../Engine/Content/Tutorial/SubEditors/PersonaAnimEditorWalkthrough.uasset" 652
"../../../Engine/Content/EngineMeshes/Cube.uasset" 653
"../../../Engine/Content/Tutorial/SubEditors/StaticMeshEditorTutorial.uasset" 654
"../../../Engine/Content/Tutorial/SubEditors/TutorialAssets/icon_Editor_Preferences_General_40x.uasset" 655
